<?xml version="1.0" encoding="UTF-8"?>
<!-- Generated by org.testng.reporters.JUnitReportReporter -->
<testsuite hostname="Shivas-MacBook-Pro.local" failures="0" tests="2" name="TestNG.BasicsOfTestNG" time="0.005" errors="0" timestamp="2023-12-02T11:29:13 IST" skipped="0">
  <testcase classname="TestNG.BasicsOfTestNG" name="login" time="0.002"/>
  <testcase classname="TestNG.BasicsOfTestNG" name="verifyHomePage" time="0.003"/>
</testsuite> <!-- TestNG.BasicsOfTestNG -->
