<?xml version="1.0" encoding="UTF-8"?>
<!-- Generated by org.testng.reporters.JUnitReportReporter -->
<testsuite hostname="Shivas-MacBook-Pro.local" failures="0" tests="1" name="TestNG.TestNGExecuteUsingXMLFile" time="0.002" errors="0" timestamp="2023-12-02T11:29:13 IST" skipped="0">
  <testcase classname="TestNG.TestNGExecuteUsingXMLFile" name="executeFromXMLFile" time="0.002"/>
</testsuite> <!-- TestNG.TestNGExecuteUsingXMLFile -->
