<?xml version="1.0" encoding="UTF-8"?>
<!-- Generated by org.testng.reporters.JUnitReportReporter -->
<testsuite hostname="Shivas-MacBook-Pro.local" failures="0" tests="1" name="AAAWebTests.SauceLoginTests" time="0.536" errors="0" timestamp="2023-12-02T11:30:20 IST" skipped="0">
  <testcase classname="AAAWebTests.SauceLoginTests" name="verifyUsingValidCredentials" time="0.536"/>
</testsuite> <!-- AAAWebTests.SauceLoginTests -->
